02:10:23,394 urllib3.connectionpool DEBUG Starting new HTTPS connection (1): api.telegram.org:443
02:10:28,218 urllib3.connectionpool DEBUG https://api.telegram.org:443 "GET /bot2029713033:AAEQ_JH7UIz-342LNT22T3jU-9UfizrMgMs/getUpdates?offset=1&timeout=20 HTTP/1.1" 200 454
02:10:28,311 urllib3.connectionpool DEBUG Starting new HTTPS connection (1): api.telegram.org:443
02:10:28,551 urllib3.connectionpool DEBUG https://api.telegram.org:443 "POST /bot2029713033:AAEQ_JH7UIz-342LNT22T3jU-9UfizrMgMs/sendMessage?chat_id=442295142&text=%D0%A0%D0%BE%D1%82+%D1%81%D0%B2%D0%BE%D0%B9+%D0%B7%D0%B0%D0%BA%D1%80%D0%BE%D0%B9%2C+%D0%B0+%D1%82%D0%BE+%D1%81+%D1%86%D0%B5%D0%BF%D0%B8+%D1%81%D0%BE%D1%80%D0%B2%D1%83%D1%81%D1%8C+%D0%BA%D0%B0%D0%BA+%D0%B4%D0%B0%D0%B0%D0%BC+%D0%B2+%D0%B5%D0%B1%D0%B0%D0%BB%D0%BE%21 HTTP/1.1" 200 642
02:10:30,914 urllib3.connectionpool DEBUG https://api.telegram.org:443 "GET /bot2029713033:AAEQ_JH7UIz-342LNT22T3jU-9UfizrMgMs/getUpdates?offset=915925587&timeout=20 HTTP/1.1" 200 456
02:10:30,977 urllib3.connectionpool DEBUG Starting new HTTP connection (1): api.openweathermap.org:80
02:10:31,128 urllib3.connectionpool DEBUG http://api.openweathermap.org:80 "GET /data/2.5/weather?q=kazan&appid=2442aef27fcf9e00ea6399da11e428e8 HTTP/1.1" 200 515
02:10:31,138 urllib3.connectionpool DEBUG Starting new HTTP connection (1): api.openweathermap.org:80
02:10:31,280 urllib3.connectionpool DEBUG http://api.openweathermap.org:80 "GET /data/2.5/weather?id=498817&appid=2442aef27fcf9e00ea6399da11e428e8 HTTP/1.1" 200 481
02:10:31,292 urllib3.connectionpool DEBUG Starting new HTTP connection (1): api.openweathermap.org:80
02:10:31,424 urllib3.connectionpool DEBUG http://api.openweathermap.org:80 "GET /data/2.5/weather?q=moscow&appid=2442aef27fcf9e00ea6399da11e428e8 HTTP/1.1" 200 531
02:10:31,435 urllib3.connectionpool DEBUG Starting new HTTP connection (1): api.openweathermap.org:80
02:10:31,568 urllib3.connectionpool DEBUG http://api.openweathermap.org:80 "GET /data/2.5/weather?id=1486209&appid=2442aef27fcf9e00ea6399da11e428e8 HTTP/1.1" 200 477
02:10:32,60 urllib3.connectionpool DEBUG https://api.telegram.org:443 "POST /bot2029713033:AAEQ_JH7UIz-342LNT22T3jU-9UfizrMgMs/sendMessage?chat_id=442295142&text=%D0%9F%D0%B0%D0%B3%D0%BE%D0%B4%D0%B0+%D0%B2+%D1%80%D0%B0%D0%B9%D0%BE%D0%BD%D0%B0%D1%85-%D1%85%D0%B0%D1%80%D0%B0%D0%B4%D0%B0%D1%85+%0A+-6+%C2%B0C+%D0%9A%D0%B0%D0%B7%D0%B0%D0%BD%D1%8C+%0A+8+%C2%B0C+%D0%9F%D0%B8%D1%82%D0%B5%D1%80+%0A+0+%C2%B0C+%D0%9C%D0%BE%D1%81%D0%BA%D0%B2%D0%B0+%0A+-7+%C2%B0C+%D0%95%D0%BA%D0%B1+%0A+ HTTP/1.1" 200 690
02:10:34,180 urllib3.connectionpool DEBUG https://api.telegram.org:443 "GET /bot2029713033:AAEQ_JH7UIz-342LNT22T3jU-9UfizrMgMs/getUpdates?offset=915925588&timeout=20 HTTP/1.1" 200 460
02:10:34,235 urllib3.connectionpool DEBUG Starting new HTTPS connection (1): api.telegram.org:443
02:10:34,445 urllib3.connectionpool DEBUG https://api.telegram.org:443 "POST /bot2029713033:AAEQ_JH7UIz-342LNT22T3jU-9UfizrMgMs/sendMessage?chat_id=442295142&text=%D0%9E%D1%81%D1%82%D1%80%D0%BE%D0%B2+%D0%BF%D1%80%D0%BE%D0%BA%D0%BB%D1%8F%D1%82%D1%8B%D1%85%2C+2010%2C+%D0%B4%D1%80%D0%B0%D0%BC%D0%B0%2C+%D1%82%D1%80%D0%B8%D0%BB%D0%BB%D0%B5%D1%80%2C+%D0%BC%D0%B8%D1%81%D1%82%D0%B8%D1%87%D0%B5%D1%81%D0%BA%D0%B8%D0%B9+%D1%84%D0%B8%D0%BB%D1%8C%D0%BC HTTP/1.1" 200 655
02:10:36,140 urllib3.connectionpool DEBUG https://api.telegram.org:443 "GET /bot2029713033:AAEQ_JH7UIz-342LNT22T3jU-9UfizrMgMs/getUpdates?offset=915925589&timeout=20 HTTP/1.1" 200 463
02:10:36,289 urllib3.connectionpool DEBUG https://api.telegram.org:443 "POST /bot2029713033:AAEQ_JH7UIz-342LNT22T3jU-9UfizrMgMs/sendMessage?chat_id=442295142&text=https%3A%2F%2Frandomfilms.ru%2Ffilm%2F1086 HTTP/1.1" 200 466
02:10:39,374 urllib3.connectionpool DEBUG https://api.telegram.org:443 "GET /bot2029713033:AAEQ_JH7UIz-342LNT22T3jU-9UfizrMgMs/getUpdates?offset=915925590&timeout=20 HTTP/1.1" 200 456
02:10:39,535 urllib3.connectionpool DEBUG https://api.telegram.org:443 "POST /bot2029713033:AAEQ_JH7UIz-342LNT22T3jU-9UfizrMgMs/sendMessage?chat_id=442295142&text=%D0%9D%D1%83+%D0%B2%D0%BE%D1%82+%D1%82%D0%B5%D0%B1%D0%B5+%D0%BD%D0%B0%D0%BA%D0%BB%D0%B5%D0%B5%D1%87%D0%BA%D0%B8%2C+%D0%B2%D0%BE%D1%82%2C+%D0%BF%D0%BE%D0%B6%D0%B0%D0%BB%D1%83%D0%B9%D1%81%D1%82%D0%B0%3A HTTP/1.1" 200 577
02:10:39,710 urllib3.connectionpool DEBUG https://api.telegram.org:443 "POST /bot2029713033:AAEQ_JH7UIz-342LNT22T3jU-9UfizrMgMs/sendMessage?chat_id=442295142&text=CAACAgIAAxkBAAIE-mF3R-0imNHp8gzAEx3jPgVxIOmrAAI4AAMz-LcVd9Ll101RyeMhBA HTTP/1.1" 200 453
02:10:39,855 urllib3.connectionpool DEBUG https://api.telegram.org:443 "POST /bot2029713033:AAEQ_JH7UIz-342LNT22T3jU-9UfizrMgMs/sendMessage?chat_id=442295142&text=CAACAgIAAxkBAAIE_GF3R-_gda2Jy_tYkO44G2xMgY76AAJdAAOxqAUVCsphbgQAAfqIIQQ HTTP/1.1" 200 454
02:10:39,950 urllib3.connectionpool DEBUG https://api.telegram.org:443 "POST /bot2029713033:AAEQ_JH7UIz-342LNT22T3jU-9UfizrMgMs/sendMessage?chat_id=442295142&text=CAACAgIAAxkBAAIE_mF3R_Fn3XsIdUGvVWsGDXalDW90AALgAQAC64eoIUOyhgKbFWEtIQQ HTTP/1.1" 200 454
02:10:40,40 urllib3.connectionpool DEBUG https://api.telegram.org:443 "POST /bot2029713033:AAEQ_JH7UIz-342LNT22T3jU-9UfizrMgMs/sendMessage?chat_id=442295142&text=CAACAgIAAxkBAAIFAAFhd0fyf3yxg2PVs2R4aVZoFWzbqgACVwAD9pS1FAOU3Drp-8qdIQQ HTTP/1.1" 200 454
02:10:40,163 urllib3.connectionpool DEBUG https://api.telegram.org:443 "POST /bot2029713033:AAEQ_JH7UIz-342LNT22T3jU-9UfizrMgMs/sendMessage?chat_id=442295142&text=CAACAgIAAxkBAAIFAmF3R_ReN0tOzhfCchb8Y4V-lPsRAAK2BwACGfJ1G4-BWpjE8ErpIQQ HTTP/1.1" 200 454
02:10:40,268 urllib3.connectionpool DEBUG https://api.telegram.org:443 "POST /bot2029713033:AAEQ_JH7UIz-342LNT22T3jU-9UfizrMgMs/sendMessage?chat_id=442295142&text=CAACAgIAAxkBAAIFBGF3R_eTl1m4h8EhILgutwLfsHO3AAISAAPaH5sPCzpHCGIHTPYhBA HTTP/1.1" 200 453
02:10:40,382 urllib3.connectionpool DEBUG https://api.telegram.org:443 "POST /bot2029713033:AAEQ_JH7UIz-342LNT22T3jU-9UfizrMgMs/sendMessage?chat_id=442295142&text=CAACAgIAAxkBAAIFBmF3R_oy1Jhen9ESTqKxRehmITImAAKkAgACGfJ1G8JCXl-rXePUIQQ HTTP/1.1" 200 454
02:10:40,488 urllib3.connectionpool DEBUG https://api.telegram.org:443 "POST /bot2029713033:AAEQ_JH7UIz-342LNT22T3jU-9UfizrMgMs/sendMessage?chat_id=442295142&text=CAACAgIAAxkBAAIFCGF3R_tad4c9-kDxariRtsKbltMsAAJWAAM_EEAIC2OSjp3Ue0khBA HTTP/1.1" 200 453
02:10:40,580 urllib3.connectionpool DEBUG https://api.telegram.org:443 "POST /bot2029713033:AAEQ_JH7UIz-342LNT22T3jU-9UfizrMgMs/sendMessage?chat_id=442295142&text=CAACAgIAAxkBAAIFCmF3R_1uBHqDX-4qCcgoIPICXnaeAAKOAAOjOeoXClQ7mhc7UzkhBA HTTP/1.1" 200 453
02:10:59,494 urllib3.connectionpool DEBUG https://api.telegram.org:443 "GET /bot2029713033:AAEQ_JH7UIz-342LNT22T3jU-9UfizrMgMs/getUpdates?offset=915925591&timeout=20 HTTP/1.1" 200 23
02:11:19,571 urllib3.connectionpool DEBUG https://api.telegram.org:443 "GET /bot2029713033:AAEQ_JH7UIz-342LNT22T3jU-9UfizrMgMs/getUpdates?offset=915925591&timeout=20 HTTP/1.1" 200 23
02:11:56,339 urllib3.connectionpool DEBUG Starting new HTTPS connection (1): api.telegram.org:443
02:12:01,104 urllib3.connectionpool DEBUG https://api.telegram.org:443 "GET /bot2029713033:AAEQ_JH7UIz-342LNT22T3jU-9UfizrMgMs/getUpdates?offset=1&timeout=20 HTTP/1.1" 200 456
02:12:01,165 urllib3.connectionpool DEBUG Starting new HTTPS connection (1): api.telegram.org:443
02:12:01,391 urllib3.connectionpool DEBUG https://api.telegram.org:443 "POST /bot2029713033:AAEQ_JH7UIz-342LNT22T3jU-9UfizrMgMs/sendMessage?chat_id=442295142&text=%D0%9D%D1%83+%D0%B2%D0%BE%D1%82+%D1%82%D0%B5%D0%B1%D0%B5+%D0%BD%D0%B0%D0%BA%D0%BB%D0%B5%D0%B5%D1%87%D0%BA%D0%B8%2C+%D0%B2%D0%BE%D1%82%2C+%D0%BF%D0%BE%D0%B6%D0%B0%D0%BB%D1%83%D0%B9%D1%81%D1%82%D0%B0%3A HTTP/1.1" 200 577
02:12:01,502 urllib3.connectionpool DEBUG https://api.telegram.org:443 "POST /bot2029713033:AAEQ_JH7UIz-342LNT22T3jU-9UfizrMgMs/sendSticker?chat_id=442295142&sticker=CAACAgIAAxkBAAIE-mF3R-0imNHp8gzAEx3jPgVxIOmrAAI4AAMz-LcVd9Ll101RyeMhBA HTTP/1.1" 200 800
02:12:01,611 urllib3.connectionpool DEBUG https://api.telegram.org:443 "POST /bot2029713033:AAEQ_JH7UIz-342LNT22T3jU-9UfizrMgMs/sendSticker?chat_id=442295142&sticker=CAACAgIAAxkBAAIE_GF3R-_gda2Jy_tYkO44G2xMgY76AAJdAAOxqAUVCsphbgQAAfqIIQQ HTTP/1.1" 200 807
02:12:01,713 urllib3.connectionpool DEBUG https://api.telegram.org:443 "POST /bot2029713033:AAEQ_JH7UIz-342LNT22T3jU-9UfizrMgMs/sendSticker?chat_id=442295142&sticker=CAACAgIAAxkBAAIE_mF3R_Fn3XsIdUGvVWsGDXalDW90AALgAQAC64eoIUOyhgKbFWEtIQQ HTTP/1.1" 200 793
02:12:01,812 urllib3.connectionpool DEBUG https://api.telegram.org:443 "POST /bot2029713033:AAEQ_JH7UIz-342LNT22T3jU-9UfizrMgMs/sendSticker?chat_id=442295142&sticker=CAACAgIAAxkBAAIFAAFhd0fyf3yxg2PVs2R4aVZoFWzbqgACVwAD9pS1FAOU3Drp-8qdIQQ HTTP/1.1" 200 792
02:12:01,929 urllib3.connectionpool DEBUG https://api.telegram.org:443 "POST /bot2029713033:AAEQ_JH7UIz-342LNT22T3jU-9UfizrMgMs/sendSticker?chat_id=442295142&sticker=CAACAgIAAxkBAAIFAmF3R_ReN0tOzhfCchb8Y4V-lPsRAAK2BwACGfJ1G4-BWpjE8ErpIQQ HTTP/1.1" 200 794
02:12:02,35 urllib3.connectionpool DEBUG https://api.telegram.org:443 "POST /bot2029713033:AAEQ_JH7UIz-342LNT22T3jU-9UfizrMgMs/sendSticker?chat_id=442295142&sticker=CAACAgIAAxkBAAIFBGF3R_eTl1m4h8EhILgutwLfsHO3AAISAAPaH5sPCzpHCGIHTPYhBA HTTP/1.1" 200 789
02:12:02,131 urllib3.connectionpool DEBUG https://api.telegram.org:443 "POST /bot2029713033:AAEQ_JH7UIz-342LNT22T3jU-9UfizrMgMs/sendSticker?chat_id=442295142&sticker=CAACAgIAAxkBAAIFBmF3R_oy1Jhen9ESTqKxRehmITImAAKkAgACGfJ1G8JCXl-rXePUIQQ HTTP/1.1" 200 798
02:12:02,305 urllib3.connectionpool DEBUG https://api.telegram.org:443 "POST /bot2029713033:AAEQ_JH7UIz-342LNT22T3jU-9UfizrMgMs/sendSticker?chat_id=442295142&sticker=CAACAgIAAxkBAAIFCGF3R_tad4c9-kDxariRtsKbltMsAAJWAAM_EEAIC2OSjp3Ue0khBA HTTP/1.1" 200 801
02:12:02,468 urllib3.connectionpool DEBUG https://api.telegram.org:443 "POST /bot2029713033:AAEQ_JH7UIz-342LNT22T3jU-9UfizrMgMs/sendSticker?chat_id=442295142&sticker=CAACAgIAAxkBAAIFCmF3R_1uBHqDX-4qCcgoIPICXnaeAAKOAAOjOeoXClQ7mhc7UzkhBA HTTP/1.1" 200 798
02:12:21,318 urllib3.connectionpool DEBUG https://api.telegram.org:443 "GET /bot2029713033:AAEQ_JH7UIz-342LNT22T3jU-9UfizrMgMs/getUpdates?offset=915925592&timeout=20 HTTP/1.1" 200 23
02:12:41,490 urllib3.connectionpool DEBUG https://api.telegram.org:443 "GET /bot2029713033:AAEQ_JH7UIz-342LNT22T3jU-9UfizrMgMs/getUpdates?offset=915925592&timeout=20 HTTP/1.1" 200 23
02:13:01,662 urllib3.connectionpool DEBUG https://api.telegram.org:443 "GET /bot2029713033:AAEQ_JH7UIz-342LNT22T3jU-9UfizrMgMs/getUpdates?offset=915925592&timeout=20 HTTP/1.1" 200 23
02:13:21,835 urllib3.connectionpool DEBUG https://api.telegram.org:443 "GET /bot2029713033:AAEQ_JH7UIz-342LNT22T3jU-9UfizrMgMs/getUpdates?offset=915925592&timeout=20 HTTP/1.1" 200 23
